sample.interval=20000
"solve.default" "solve" "lm_custom" 
"length" "diag" "solve.default" "solve" "lm_custom" 
"t.default" "t" "lm_custom" 
"t.default" "t" "lm_custom" 
"t.default" "t" "lm_custom" 
"cbind" "lm_custom" 
"t.default" "t" "lm_custom" 
"solve.default" "solve" "lm_custom" 
"t.default" "t" "lm_custom" 
"%*%" "lm_custom" 
"solve.default" "solve" "lm_custom" 
"cbind" "lm_custom" 
"rownames" "solve.default" "solve" "lm_custom" 
"solve.default" "solve" "lm_custom" 
"solve.default" "solve" "lm_custom" 
"cbind" "lm_custom" 
"t.default" "t" "lm_custom" 
"cbind" "lm_custom" 
"t.default" "t" "lm_custom" 
"t.default" "t" "lm_custom" 
"t.default" "t" "lm_custom" 
"cbind" "lm_custom" 
"t.default" "t" "lm_custom" 
"t.default" "t" "lm_custom" 
"t.default" "t" "lm_custom" 
"cbind" "lm_custom" 
"t.default" "t" "lm_custom" 
"solve.default" "solve" "lm_custom" 
"solve.default" "solve" "lm_custom" 
"t.default" "t" "lm_custom" 
"t.default" "t" "lm_custom" 
"t.default" "t" "lm_custom" 
"t.default" "t" "lm_custom" 
"solve.default" "solve" "lm_custom" 
"solve.default" "solve" "lm_custom" 
"solve.default" "solve" "lm_custom" 
"t.default" "t" "lm_custom" 
"t.default" "t" "lm_custom" 
"t.default" "t" "lm_custom" 
"t.default" "t" "lm_custom" 
"cbind" "lm_custom" 
"cbind" "lm_custom" 
"t.default" "t" "lm_custom" 
"stopifnot" "lm_custom" 
"solve.default" "solve" "lm_custom" 
"t.default" "t" "lm_custom" 
"nrow" "lm_custom" 
"solve.default" "solve" "lm_custom" 
"t.default" "t" "lm_custom" 
"diag" "solve.default" "solve" "lm_custom" 
"solve.default" "solve" "lm_custom" 
"t.default" "t" "lm_custom" 
"cbind" "lm_custom" 
"cbind" "lm_custom" 
"t.default" "t" "lm_custom" 
"t.default" "t" "lm_custom" 
"%*%" "lm_custom" 
"t.default" "t" "lm_custom" 
"cbind" "lm_custom" 
"solve.default" "solve" "lm_custom" 
"t.default" "t" "lm_custom" 
"t.default" "t" "lm_custom" 
"cbind" "lm_custom" 
"cbind" "lm_custom" 
"%*%" "lm_custom" 
"cbind" "lm_custom" 
"cbind" "lm_custom" 
"t.default" "t" "lm_custom" 
"t.default" "t" "lm_custom" 
"t.default" "t" "lm_custom" 
